<?xml version="1.0" encoding="UTF-8"?>
<!-- Generated by org.testng.reporters.JUnitReportReporter -->
<testsuite hostname="DESKTOP-4H86CTH" failures="0" tests="5" name="com.testng.PracticeGroup" time="0.006" errors="0" timestamp="2022-12-27T20:26:46 EST" skipped="0">
  <testcase classname="com.testng.PracticeGroup" name="login" time="0.001"/>
  <system-out/>
  <testcase classname="com.testng.PracticeGroup" name="dress" time="0.001"/>
  <system-out/>
  <testcase classname="com.testng.PracticeGroup" name="shirts" time="0.002"/>
  <system-out/>
  <testcase classname="com.testng.PracticeGroup" name="cart" time="0.001"/>
  <system-out/>
  <testcase classname="com.testng.PracticeGroup" name="payment" time="0.001"/>
  <system-out/>
</testsuite> <!-- com.testng.PracticeGroup -->
