<?xml version="1.0" encoding="UTF-8"?>
<!-- Generated by org.testng.reporters.JUnitReportReporter -->
<testsuite hostname="DESKTOP-4H86CTH" failures="0" tests="1" name="com.testng.PracticeAnnotation" time="0.003" errors="0" timestamp="2022-12-27T20:26:46 EST" skipped="0">
  <testcase classname="com.testng.PracticeAnnotation" name="method5" time="0.003"/>
  <system-out/>
</testsuite> <!-- com.testng.PracticeAnnotation -->
