<?xml version="1.0" encoding="UTF-8"?>
<!-- Generated by org.testng.reporters.JUnitReportReporter -->
<testsuite hostname="DESKTOP-4H86CTH" failures="0" tests="1" name="com.testng.LoginTest" time="6.965" errors="0" timestamp="2022-12-27T21:51:09 EST" skipped="0">
  <testcase classname="com.testng.LoginTest" name="getLogin" time="6.965"/>
  <system-out/>
</testsuite> <!-- com.testng.LoginTest -->
