<?xml version="1.0" encoding="UTF-8"?>
<!-- Generated by org.testng.reporters.JUnitReportReporter -->
<testsuite hostname="DESKTOP-4H86CTH" failures="0" tests="1" name="com.testng.PracticeParameter" time="0.004" errors="0" timestamp="2022-12-22T22:09:29 EST" skipped="0">
  <testcase classname="com.testng.PracticeParameter" name="getName" time="0.004"/>
  <system-out/>
</testsuite> <!-- com.testng.PracticeParameter -->
