<?xml version="1.0" encoding="UTF-8"?>
<!-- Generated by org.testng.reporters.JUnitReportReporter -->
<testsuite hostname="DESKTOP-4H86CTH" failures="0" tests="1" name="com.testng.Animal" time="0.002" errors="0" timestamp="2022-12-27T20:26:46 EST" skipped="0">
  <testcase classname="com.testng.Animal" name="getMoney" time="0.002"/>
  <system-out/>
</testsuite> <!-- com.testng.Animal -->
