<?xml version="1.0" encoding="UTF-8"?>
<!-- Generated by org.testng.reporters.JUnitReportReporter -->
<testsuite hostname="DESKTOP-4H86CTH" failures="0" tests="1" name="com.testng.CrossBrowserUsingTestNG" time="7.495" errors="0" timestamp="2022-12-27T20:28:15 EST" skipped="0">
  <testcase classname="com.testng.CrossBrowserUsingTestNG" name="crossBrowserLogin" time="7.495"/>
  <system-out/>
</testsuite> <!-- com.testng.CrossBrowserUsingTestNG -->
